Arguments: 
  C:\Program Files\nodejs\node.exe C:\Users\xiaom\AppData\Roaming\npm\node_modules\yarn\bin\yarn.js add createHash

PATH: 
  C:\Program Files\NVIDIA GPU Computing Toolkit\CUDA\v12.2\bin;C:\Program Files\NVIDIA GPU Computing Toolkit\CUDA\v12.2\libnvvp;C:\Program Files\Common Files\Oracle\Java\javapath;C:\WINDOWS\system32;C:\WINDOWS;C:\WINDOWS\System32\Wbem;C:\WINDOWS\System32\WindowsPowerShell\v1.0\;C:\WINDOWS\System32\OpenSSH\;C:\Program Files\Git\cmd;C:\Program Files\nodejs\;C:\Program Files\TortoiseGit\bin;C:\Program Files\dotnet\;C:\Program Files\Common Files\Autodesk Shared\;C:\Program Files\CMake\bin;C:\Program Files\xmake;E:\GitHub\vcpkg;C:\Program Files (x86)\GnuWin32\bin;C:\Program Files\NVIDIA Corporation\Nsight Compute 2023.2.2\;C:\Program Files (x86)\NVIDIA Corporation\PhysX\Common;C:\Program Files\NVIDIA Corporation\NVIDIA NvDLISR;C:\Program Files\Docker\Docker\resources\bin;C:\Users\xiaom\AppData\Local\Programs\Python\Python311\Scripts\;C:\Users\xiaom\AppData\Local\Programs\Python\Python311\;C:\Users\xiaom\AppData\Local\Microsoft\WindowsApps;C:\Users\xiaom\AppData\Local\Programs\Microsoft VS Code\bin;C:\Users\xiaom\AppData\Roaming\npm;C:\Users\xiaom\.dotnet\tools;C:\msys64\mingw64\bin;

Yarn version: 
  1.22.19

Node version: 
  18.12.1

Platform: 
  win32 x64

Trace: 
  Error: https://registry.yarnpkg.com/createHash: Not found
      at params.callback [as _callback] (C:\Users\xiaom\AppData\Roaming\npm\node_modules\yarn\lib\cli.js:66145:18)
      at self.callback (C:\Users\xiaom\AppData\Roaming\npm\node_modules\yarn\lib\cli.js:140890:22)
      at Request.emit (node:events:513:28)
      at Request.<anonymous> (C:\Users\xiaom\AppData\Roaming\npm\node_modules\yarn\lib\cli.js:141862:10)
      at Request.emit (node:events:513:28)
      at IncomingMessage.<anonymous> (C:\Users\xiaom\AppData\Roaming\npm\node_modules\yarn\lib\cli.js:141784:12)
      at Object.onceWrapper (node:events:627:28)
      at IncomingMessage.emit (node:events:525:35)
      at endReadableNT (node:internal/streams/readable:1359:12)
      at process.processTicksAndRejections (node:internal/process/task_queues:82:21)

npm manifest: 
  {
    "name": "gmm-api",
    "version": "1.0.1",
    "description": "",
    "main": "index.ts",
    "author": "小莫",
    "license": "ISC",
    "scripts": {
      "build": "tsc src/index.ts  --outDir dist "
    },
    "files": [
      "src",
      "*.ts",
      "*.d.ts"
    ],
    "repository": {
      "type": "git",
      "url": "https://github.com/GlossMod/gmm-api"
    },
    "keywords": [
      "gmm",
      "api"
    ],
    "devDependencies": {
      "@types/node": "^20.1.4"
    }
  }

yarn manifest: 
  No manifest

Lockfile: 
  # THIS IS AN AUTOGENERATED FILE. DO NOT EDIT THIS FILE DIRECTLY.
  # yarn lockfile v1
  
  
  "@types/node@^20.1.4":
    version "20.11.5"
    resolved "https://registry.yarnpkg.com/@types/node/-/node-20.11.5.tgz#be10c622ca7fcaa3cf226cf80166abc31389d86e"
    integrity sha512-g557vgQjUUfN76MZAN/dt1z3dzcUsimuysco0KeluHgrPdJXkP/XdAURgyO2W9fZWHRtRBiVKzKn8vyOAwlG+w==
    dependencies:
      undici-types "~5.26.4"
  
  undici-types@~5.26.4:
    version "5.26.5"
    resolved "https://registry.yarnpkg.com/undici-types/-/undici-types-5.26.5.tgz#bcd539893d00b56e964fd2657a4866b221a65617"
    integrity sha512-JlCMO+ehdEIKqlFxk6IfVoAUVmgz7cU7zD/h9XZ0qzeosSHmUJVOzSQvvYSYWXkFXC+IfLKSIffhv0sVZup6pA==
